[INFO] Scanning for projects...
[INFO] 
[INFO] -----------------< com.kstudio.ultracoinflip:CoinFlip >-----------------
[INFO] Building CoinFlip 1.0.0-SNAPSHOT
[INFO]   from pom.xml
[INFO] --------------------------------[ jar ]---------------------------------
[INFO] 
[INFO] --- clean:3.2.0:clean (default-clean) @ CoinFlip ---
[INFO] Deleting C:\Users\User\system\Documents\CoinFlip\target
[INFO] 
[INFO] --- resources:3.3.1:resources (default-resources) @ CoinFlip ---
[INFO] Copying 69 resources from src\main\resources to target\classes
[INFO] 
[INFO] --- compiler:3.8.1:compile (default-compile) @ CoinFlip ---
[INFO] Changes detected - recompiling the module!
[INFO] Compiling 78 source files to C:\Users\User\system\Documents\CoinFlip\target\classes
[INFO] /C:/Users/User/system/Documents/CoinFlip/src/main/java/com/kstudio/ultracoinflip/util/ChatInputManager.java: Some input files use or override a deprecated API.
[INFO] /C:/Users/User/system/Documents/CoinFlip/src/main/java/com/kstudio/ultracoinflip/util/ChatInputManager.java: Recompile with -Xlint:deprecation for details.
[INFO] /C:/Users/User/system/Documents/CoinFlip/src/main/java/com/kstudio/ultracoinflip/gui/GUIHelper.java: Some input files use unchecked or unsafe operations.
[INFO] /C:/Users/User/system/Documents/CoinFlip/src/main/java/com/kstudio/ultracoinflip/gui/GUIHelper.java: Recompile with -Xlint:unchecked for details.
[INFO] Some messages have been simplified; recompile with -Xdiags:verbose to get full output
[INFO] -------------------------------------------------------------
[ERROR] COMPILATION ERROR : 
[INFO] -------------------------------------------------------------
[ERROR] /C:/Users/User/system/Documents/CoinFlip/src/main/java/com/kstudio/ultracoinflip/KStudio.java:[92,35] cannot find symbol
  symbol: method getPluginMeta()
[ERROR] /C:/Users/User/system/Documents/CoinFlip/src/main/java/com/kstudio/ultracoinflip/KStudio.java:[469,46] cannot find symbol
  symbol:   method getPluginMeta()
  location: class org.bukkit.plugin.java.JavaPlugin
[ERROR] /C:/Users/User/system/Documents/CoinFlip/src/main/java/com/kstudio/ultracoinflip/adventure/AdventureHelper.java:[535,43] method valueOf in class java.lang.Enum<E> cannot be applied to given types;
  required: java.lang.Class<T>,java.lang.String
  found:    java.lang.Class<capture#1 of ?>,java.lang.String
  reason: inference variable T has incompatible bounds
    equality constraints: capture#1 of ?
    upper bounds: java.lang.Enum<T>
[ERROR] /C:/Users/User/system/Documents/CoinFlip/src/main/java/com/kstudio/ultracoinflip/gui/GUIHelper.java:[447,117] incompatible types: java.lang.Object cannot be converted to net.kyori.adventure.text.Component
[ERROR] /C:/Users/User/system/Documents/CoinFlip/src/main/java/com/kstudio/ultracoinflip/gui/GUIHelper.java:[447,128] incompatible types: inference variable T has incompatible bounds
    equality constraints: java.lang.String
    lower bounds: java.lang.Object
[ERROR] /C:/Users/User/system/Documents/CoinFlip/src/main/java/com/kstudio/ultracoinflip/gui/impl/CoinFlipRollGUI.java:[1877,93] cannot find symbol
  symbol:   variable animationType
  location: class com.kstudio.ultracoinflip.gui.impl.CoinFlipRollGUI
[ERROR] /C:/Users/User/system/Documents/CoinFlip/src/main/java/com/kstudio/ultracoinflip/gui/impl/CoinFlipRollGUI.java:[1881,63] cannot find symbol
  symbol:   variable animationType
  location: class com.kstudio.ultracoinflip.gui.impl.CoinFlipRollGUI
[ERROR] /C:/Users/User/system/Documents/CoinFlip/src/main/java/com/kstudio/ultracoinflip/gui/impl/CoinFlipRollGUI.java:[1883,66] cannot find symbol
  symbol:   variable animationType
  location: class com.kstudio.ultracoinflip.gui.impl.CoinFlipRollGUI
[ERROR] /C:/Users/User/system/Documents/CoinFlip/src/main/java/com/kstudio/ultracoinflip/gui/impl/CoinFlipRollGUI.java:[1885,66] cannot find symbol
  symbol:   variable animationType
  location: class com.kstudio.ultracoinflip.gui.impl.CoinFlipRollGUI
[ERROR] /C:/Users/User/system/Documents/CoinFlip/src/main/java/com/kstudio/ultracoinflip/gui/impl/CoinFlipRollGUI.java:[1889,46] cannot find symbol
  symbol:   variable inventorySize
  location: class com.kstudio.ultracoinflip.gui.impl.CoinFlipRollGUI
[INFO] 10 errors 
[INFO] -------------------------------------------------------------
[INFO] ------------------------------------------------------------------------
[INFO] BUILD FAILURE
[INFO] ------------------------------------------------------------------------
[INFO] Total time:  22.951 s
[INFO] Finished at: 2026-02-01T12:29:16+08:00
[INFO] ------------------------------------------------------------------------
[ERROR] Failed to execute goal org.apache.maven.plugins:maven-compiler-plugin:3.8.1:compile (default-compile) on project CoinFlip: Compilation failure: Compilation failure: 
[ERROR] /C:/Users/User/system/Documents/CoinFlip/src/main/java/com/kstudio/ultracoinflip/KStudio.java:[92,35] cannot find symbol
[ERROR]   symbol: method getPluginMeta()
[ERROR] /C:/Users/User/system/Documents/CoinFlip/src/main/java/com/kstudio/ultracoinflip/KStudio.java:[469,46] cannot find symbol
[ERROR]   symbol:   method getPluginMeta()
[ERROR]   location: class org.bukkit.plugin.java.JavaPlugin
[ERROR] /C:/Users/User/system/Documents/CoinFlip/src/main/java/com/kstudio/ultracoinflip/adventure/AdventureHelper.java:[535,43] method valueOf in class java.lang.Enum<E> cannot be applied to given types;
[ERROR]   required: java.lang.Class<T>,java.lang.String
[ERROR]   found:    java.lang.Class<capture#1 of ?>,java.lang.String
[ERROR]   reason: inference variable T has incompatible bounds
[ERROR]     equality constraints: capture#1 of ?
[ERROR]     upper bounds: java.lang.Enum<T>
[ERROR] /C:/Users/User/system/Documents/CoinFlip/src/main/java/com/kstudio/ultracoinflip/gui/GUIHelper.java:[447,117] incompatible types: java.lang.Object cannot be converted to net.kyori.adventure.text.Component
[ERROR] /C:/Users/User/system/Documents/CoinFlip/src/main/java/com/kstudio/ultracoinflip/gui/GUIHelper.java:[447,128] incompatible types: inference variable T has incompatible bounds
[ERROR]     equality constraints: java.lang.String
[ERROR]     lower bounds: java.lang.Object
[ERROR] /C:/Users/User/system/Documents/CoinFlip/src/main/java/com/kstudio/ultracoinflip/gui/impl/CoinFlipRollGUI.java:[1877,93] cannot find symbol
[ERROR]   symbol:   variable animationType
[ERROR]   location: class com.kstudio.ultracoinflip.gui.impl.CoinFlipRollGUI
[ERROR] /C:/Users/User/system/Documents/CoinFlip/src/main/java/com/kstudio/ultracoinflip/gui/impl/CoinFlipRollGUI.java:[1881,63] cannot find symbol
[ERROR]   symbol:   variable animationType
[ERROR]   location: class com.kstudio.ultracoinflip.gui.impl.CoinFlipRollGUI
[ERROR] /C:/Users/User/system/Documents/CoinFlip/src/main/java/com/kstudio/ultracoinflip/gui/impl/CoinFlipRollGUI.java:[1883,66] cannot find symbol
[ERROR]   symbol:   variable animationType
[ERROR]   location: class com.kstudio.ultracoinflip.gui.impl.CoinFlipRollGUI
[ERROR] /C:/Users/User/system/Documents/CoinFlip/src/main/java/com/kstudio/ultracoinflip/gui/impl/CoinFlipRollGUI.java:[1885,66] cannot find symbol
[ERROR]   symbol:   variable animationType
[ERROR]   location: class com.kstudio.ultracoinflip.gui.impl.CoinFlipRollGUI
[ERROR] /C:/Users/User/system/Documents/CoinFlip/src/main/java/com/kstudio/ultracoinflip/gui/impl/CoinFlipRollGUI.java:[1889,46] cannot find symbol
[ERROR]   symbol:   variable inventorySize
[ERROR]   location: class com.kstudio.ultracoinflip.gui.impl.CoinFlipRollGUI
[ERROR] -> [Help 1]
[ERROR] 
[ERROR] To see the full stack trace of the errors, re-run Maven with the -e switch.
[ERROR] Re-run Maven using the -X switch to enable full debug logging.
[ERROR] 
[ERROR] For more information about the errors and possible solutions, please read the following articles:
[ERROR] [Help 1] http://cwiki.apache.org/confluence/display/MAVEN/MojoFailureException
