[INFO] Scanning for projects...
[INFO] 
[INFO] -----------------< com.kstudio.ultracoinflip:CoinFlip >-----------------
[INFO] Building CoinFlip 1.0.0-SNAPSHOT
[INFO]   from pom.xml
[INFO] --------------------------------[ jar ]---------------------------------
[INFO] 
[INFO] --- clean:3.2.0:clean (default-clean) @ CoinFlip ---
[INFO] Deleting C:\Users\User\system\Documents\CoinFlip\target
[INFO] 
[INFO] --- resources:3.3.1:resources (default-resources) @ CoinFlip ---
[INFO] Copying 69 resources from src\main\resources to target\classes
[INFO] 
[INFO] --- compiler:3.8.1:compile (default-compile) @ CoinFlip ---
[INFO] Changes detected - recompiling the module!
[INFO] Compiling 78 source files to C:\Users\User\system\Documents\CoinFlip\target\classes
[INFO] /C:/Users/User/system/Documents/CoinFlip/src/main/java/com/kstudio/ultracoinflip/util/ChatInputManager.java: Some input files use or override a deprecated API.
[INFO] /C:/Users/User/system/Documents/CoinFlip/src/main/java/com/kstudio/ultracoinflip/util/ChatInputManager.java: Recompile with -Xlint:deprecation for details.
[INFO] /C:/Users/User/system/Documents/CoinFlip/src/main/java/com/kstudio/ultracoinflip/gui/GUIHelper.java: Some input files use unchecked or unsafe operations.
[INFO] /C:/Users/User/system/Documents/CoinFlip/src/main/java/com/kstudio/ultracoinflip/gui/GUIHelper.java: Recompile with -Xlint:unchecked for details.
[INFO] 
[INFO] --- resources:3.3.1:testResources (default-testResources) @ CoinFlip ---
[INFO] skip non existing resourceDirectory C:\Users\User\system\Documents\CoinFlip\src\test\resources
[INFO] 
[INFO] --- compiler:3.8.1:testCompile (default-testCompile) @ CoinFlip ---
[INFO] No sources to compile
[INFO] 
[INFO] --- surefire:3.2.5:test (default-test) @ CoinFlip ---
[INFO] Tests are skipped.
[INFO] 
[INFO] --- jar:3.4.1:jar (default-jar) @ CoinFlip ---
[INFO] Building jar: C:\Users\User\system\Documents\CoinFlip\target\CoinFlip-1.0.0-SNAPSHOT.jar
[INFO] ------------------------------------------------------------------------
[INFO] BUILD SUCCESS
[INFO] ------------------------------------------------------------------------
[INFO] Total time:  23.122 s
[INFO] Finished at: 2026-02-01T12:37:59+08:00
[INFO] ------------------------------------------------------------------------
